<?xml version="1.0" encoding="UTF-8"?>
<testng-results ignored="0" total="1" passed="1" failed="0" skipped="0">
  <reporter-output>
  </reporter-output>
  <suite started-at="2018-10-03T18:00:10Z" name="TestAll" finished-at="2018-10-03T18:00:15Z" duration-ms="4932">
    <groups>
    </groups>
    <test started-at="2018-10-03T18:00:10Z" name="order" finished-at="2018-10-03T18:00:15Z" duration-ms="4932">
      <class name="Test_First">
        <test-method signature="test()[pri:0, instance:Test_First@247bddad]" started-at="2018-10-03T18:00:10Z" name="test" finished-at="2018-10-03T18:00:15Z" duration-ms="4868" status="PASS">
          <reporter-output>
          </reporter-output>
        </test-method> <!-- test -->
      </class> <!-- Test_First -->
    </test> <!-- order -->
  </suite> <!-- TestAll -->
</testng-results>
